<?xml version="1.0" encoding="UTF-8"?>
<testsuite name="com.playko.zoologico.service.ComentarioServiceTest" tests="12" skipped="0" failures="0" errors="0" timestamp="2025-08-11T20:09:20.102Z" hostname="NELUMBOBACK" time="0.218">
  <properties/>
  <testcase name="agregarComentario_sinPadre_debeGuardar()" classname="com.playko.zoologico.service.ComentarioServiceTest" time="0.099"/>
  <testcase name="agregarComentario_conPadreDeOtroAnimalDebeLanzarExcepcion()" classname="com.playko.zoologico.service.ComentarioServiceTest" time="0.011"/>
  <testcase name="obtenerMuroDeAnimal_sinComentariosDebeLanzarExcepcion()" classname="com.playko.zoologico.service.ComentarioServiceTest" time="0.005"/>
  <testcase name="obtenerMuroDeAnimal_conAnimalQueNoExisteDebeLanzarExcepcion()" classname="com.playko.zoologico.service.ComentarioServiceTest" time="0.004"/>
  <testcase name="obtenerCorreoDelToken_sinAuthDebeLanzarExcepcion()" classname="com.playko.zoologico.service.ComentarioServiceTest" time="0.021"/>
  <testcase name="obtenerMuroDeAnimal_debeRetornarLista()" classname="com.playko.zoologico.service.ComentarioServiceTest" time="0.005"/>
  <testcase name="agregarComentario_conPadre_debeGuardar()" classname="com.playko.zoologico.service.ComentarioServiceTest" time="0.005"/>
  <testcase name="obtenerCorreoDelToken_debeRetornarUsuario()" classname="com.playko.zoologico.service.ComentarioServiceTest" time="0.043"/>
  <testcase name="agregarComentario_conPadreQueNoExisteDebeLanzarExcepcion()" classname="com.playko.zoologico.service.ComentarioServiceTest" time="0.003"/>
  <testcase name="obtenerPorcentajeComentariosConRespuestas_conDatosDebeCalcularBien()" classname="com.playko.zoologico.service.ComentarioServiceTest" time="0.008"/>
  <testcase name="obtenerPorcentajeComentariosConRespuestas_conListaVaciaDebeRetornarCero()" classname="com.playko.zoologico.service.ComentarioServiceTest" time="0.002"/>
  <testcase name="agregarComentario_conAnimalQueNoExisteDebeLanzarExcepcion()" classname="com.playko.zoologico.service.ComentarioServiceTest" time="0.003"/>
  <system-out><![CDATA[]]></system-out>
  <system-err><![CDATA[]]></system-err>
</testsuite>
