<?xml version="1.0" encoding="UTF-8"?>
<testsuite name="com.playko.zoologico.service.UsuarioServiceTest" tests="5" skipped="0" failures="0" errors="0" timestamp="2025-08-11T20:09:20.389Z" hostname="NELUMBOBACK" time="0.058">
  <properties/>
  <testcase name="testCrearUsuarioEmpleado_Success()" classname="com.playko.zoologico.service.UsuarioServiceTest" time="0.042"/>
  <testcase name="testCrearUsuarioEmpleado_EmailAlreadyExists()" classname="com.playko.zoologico.service.UsuarioServiceTest" time="0.004"/>
  <testcase name="testListarUsuarios_NoData()" classname="com.playko.zoologico.service.UsuarioServiceTest" time="0.003"/>
  <testcase name="testListarUsuarios_Success()" classname="com.playko.zoologico.service.UsuarioServiceTest" time="0.004"/>
  <testcase name="testCrearUsuarioEmpleado_RoleNotFound()" classname="com.playko.zoologico.service.UsuarioServiceTest" time="0.004"/>
  <system-out><![CDATA[]]></system-out>
  <system-err><![CDATA[]]></system-err>
</testsuite>
